2025-10-10 21:17:44,512 - INFO - Cola vacía, añadiendo más semillas...
2025-10-10 21:17:45,512 - INFO - Cola vacía, añadiendo más semillas...
2025-10-10 21:17:46,513 - INFO - Cola vacía, añadiendo más semillas...
2025-10-10 21:17:47,513 - INFO - Cola vacía, añadiendo más semillas...
2025-10-10 21:17:48,514 - INFO - Cola vacía, añadiendo más semillas...
2025-10-10 21:17:49,514 - INFO - Cola vacía, añadiendo más semillas...
2025-10-10 21:17:50,515 - INFO - Cola vacía, añadiendo más semillas...
2025-10-10 21:17:51,515 - INFO - Cola vacía, añadiendo más semillas...
2025-10-10 21:17:52,516 - INFO - Cola vacía, añadiendo más semillas...
2025-10-10 21:17:53,516 - INFO - Cola vacía, añadiendo más semillas...
2025-10-10 21:17:54,517 - INFO - Cola vacía, añadiendo más semillas...
2025-10-10 21:17:55,517 - INFO - Cola vacía, añadiendo más semillas...
2025-10-10 21:17:56,518 - INFO - Cola vacía, añadiendo más semillas...
2025-10-10 21:17:57,518 - INFO - Cola vacía, añadiendo más semillas...
2025-10-10 21:17:58,519 - INFO - Cola vacía, añadiendo más semillas...
2025-10-10 21:17:59,519 - INFO - Cola vacía, añadiendo más semillas...
2025-10-10 21:18:00,520 - INFO - Cola vacía, añadiendo más semillas...
2025-10-10 21:18:01,521 - INFO - Cola vacía, añadiendo más semillas...
2025-10-10 21:18:02,521 - INFO - Cola vacía, añadiendo más semillas...
2025-10-10 21:18:03,522 - INFO - Cola vacía, añadiendo más semillas...
2025-10-10 21:18:04,522 - INFO - Cola vacía, añadiendo más semillas...
2025-10-10 21:18:05,523 - INFO - Cola vacía, añadiendo más semillas...
2025-10-10 21:18:06,523 - INFO - Cola vacía, añadiendo más semillas...
2025-10-10 21:18:07,523 - INFO - Cola vacía, añadiendo más semillas...
2025-10-10 21:18:08,524 - INFO - Cola vacía, añadiendo más semillas...
2025-10-10 21:18:09,524 - INFO - Cola vacía, añadiendo más semillas...
2025-10-10 21:18:10,525 - INFO - Cola vacía, añadiendo más semillas...
2025-10-10 21:18:11,525 - INFO - Cola vacía, añadiendo más semillas...
2025-10-10 21:18:12,526 - INFO - Cola vacía, añadiendo más semillas...
2025-10-10 21:18:13,526 - INFO - Cola vacía, añadiendo más semillas...
2025-10-10 21:18:14,527 - INFO - Cola vacía, añadiendo más semillas...
2025-10-10 21:18:15,527 - INFO - Cola vacía, añadiendo más semillas...
2025-10-10 21:18:16,528 - INFO - Cola vacía, añadiendo más semillas...
2025-10-10 21:18:17,528 - INFO - Cola vacía, añadiendo más semillas...
2025-10-10 21:18:18,529 - INFO - Cola vacía, añadiendo más semillas...
2025-10-10 21:18:19,529 - INFO - Cola vacía, añadiendo más semillas...
2025-10-10 21:18:20,529 - INFO - Cola vacía, añadiendo más semillas...
2025-10-10 21:18:21,530 - INFO - Cola vacía, añadiendo más semillas...
2025-10-10 21:18:22,530 - INFO - Cola vacía, añadiendo más semillas...
2025-10-10 21:18:23,530 - INFO - Cola vacía, añadiendo más semillas...
2025-10-10 21:18:24,353 - INFO - Ignorando https://es.wikipedia.org/wiki/Wikipedia:Portada (no permitido por robots.txt)
2025-10-10 21:18:24,531 - INFO - Cola vacía, añadiendo más semillas...
2025-10-10 21:18:25,531 - INFO - Cola vacía, añadiendo más semillas...
2025-10-10 21:18:26,532 - INFO - Cola vacía, añadiendo más semillas...
2025-10-10 21:18:27,532 - INFO - Cola vacía, añadiendo más semillas...
2025-10-10 21:18:28,533 - INFO - Cola vacía, añadiendo más semillas...
2025-10-10 21:18:29,533 - INFO - Cola vacía, añadiendo más semillas...
2025-10-10 21:18:30,480 - INFO - Ignorando https://www.un.org/es/ (no permitido por robots.txt)
2025-10-10 21:18:30,534 - INFO - Cola vacía, añadiendo más semillas...
2025-10-10 21:18:31,534 - INFO - Cola vacía, añadiendo más semillas...
2025-10-10 21:18:32,535 - INFO - Cola vacía, añadiendo más semillas...
2025-10-10 21:18:33,535 - INFO - Cola vacía, añadiendo más semillas...
2025-10-10 21:18:34,536 - INFO - Cola vacía, añadiendo más semillas...
2025-10-10 21:18:35,536 - INFO - Cola vacía, añadiendo más semillas...
2025-10-10 21:18:36,536 - INFO - Cola vacía, añadiendo más semillas...
2025-10-10 21:18:37,537 - INFO - Cola vacía, añadiendo más semillas...
2025-10-10 21:18:38,537 - INFO - Cola vacía, añadiendo más semillas...
2025-10-10 21:18:39,538 - INFO - Cola vacía, añadiendo más semillas...
2025-10-10 21:18:40,538 - INFO - Cola vacía, añadiendo más semillas...
2025-10-10 21:18:41,538 - INFO - Cola vacía, añadiendo más semillas...
2025-10-10 21:18:42,539 - INFO - Cola vacía, añadiendo más semillas...
2025-10-10 21:18:43,539 - INFO - Cola vacía, añadiendo más semillas...
2025-10-10 21:18:44,540 - INFO - Cola vacía, añadiendo más semillas...
2025-10-10 21:18:45,540 - INFO - Cola vacía, añadiendo más semillas...
2025-10-10 21:18:46,541 - INFO - Cola vacía, añadiendo más semillas...
2025-10-10 21:18:47,542 - INFO - Cola vacía, añadiendo más semillas...
2025-10-10 21:18:48,542 - INFO - Cola vacía, añadiendo más semillas...
2025-10-10 21:18:49,543 - INFO - Cola vacía, añadiendo más semillas...
2025-10-10 21:18:50,543 - INFO - Cola vacía, añadiendo más semillas...
2025-10-10 21:18:51,544 - INFO - Cola vacía, añadiendo más semillas...
2025-10-10 21:18:52,544 - INFO - Cola vacía, añadiendo más semillas...
2025-10-10 21:18:53,545 - INFO - Cola vacía, añadiendo más semillas...
2025-10-10 21:18:54,545 - INFO - Cola vacía, añadiendo más semillas...
2025-10-10 21:18:55,545 - INFO - Cola vacía, añadiendo más semillas...
2025-10-10 21:18:56,546 - INFO - Cola vacía, añadiendo más semillas...
2025-10-10 21:18:57,546 - INFO - Cola vacía, añadiendo más semillas...
2025-10-10 21:18:58,547 - INFO - Cola vacía, añadiendo más semillas...
2025-10-10 21:18:59,547 - INFO - Cola vacía, añadiendo más semillas...
2025-10-10 21:19:00,547 - INFO - Cola vacía, añadiendo más semillas...
2025-10-10 21:19:01,548 - INFO - Cola vacía, añadiendo más semillas...
2025-10-10 21:19:02,548 - INFO - Cola vacía, añadiendo más semillas...
2025-10-10 21:19:02,946 - WARNING - Error al descargar https://www.nasa.gov/, intento 1/3: HTTPSConnectionPool(host='www.nasa.gov', port=443): Read timed out. (read timeout=10)
2025-10-10 21:19:03,549 - INFO - Cola vacía, añadiendo más semillas...
2025-10-10 21:19:04,549 - INFO - Cola vacía, añadiendo más semillas...
2025-10-10 21:19:05,337 - WARNING - Error al descargar https://arxiv.org/, intento 1/3: HTTPSConnectionPool(host='arxiv.org', port=443): Read timed out.
2025-10-10 21:19:05,550 - INFO - Cola vacía, añadiendo más semillas...
2025-10-10 21:19:06,043 - WARNING - Error al descargar https://www.python.org/, intento 1/3: HTTPSConnectionPool(host='www.python.org', port=443): Read timed out.
2025-10-10 21:19:06,150 - WARNING - Error al descargar https://www.nationalgeographic.com/, intento 1/3: HTTPSConnectionPool(host='www.nationalgeographic.com', port=443): Read timed out.
2025-10-10 21:19:06,207 - WARNING - Error al descargar https://stackoverflow.com/, intento 1/3: HTTPSConnectionPool(host='stackoverflow.com', port=443): Read timed out.
2025-10-10 21:19:06,220 - WARNING - Error al descargar https://www.gutenberg.org/, intento 1/3: HTTPSConnectionPool(host='www.gutenberg.org', port=443): Read timed out.
2025-10-10 21:19:06,550 - INFO - Cola vacía, añadiendo más semillas...
2025-10-10 21:19:07,551 - INFO - Cola vacía, añadiendo más semillas...
2025-10-10 21:19:09,688 - WARNING - Error al descargar https://www.nasa.gov/, intento 2/3: ('Connection aborted.', RemoteDisconnected('Remote end closed connection without response'))
2025-10-10 21:19:18,418 - WARNING - Error al descargar https://www.nationalgeographic.com/, intento 2/3: HTTPSConnectionPool(host='www.nationalgeographic.com', port=443): Read timed out. (read timeout=10)
2025-10-10 21:19:18,839 - WARNING - Error al descargar https://www.python.org/, intento 2/3: HTTPSConnectionPool(host='www.python.org', port=443): Read timed out. (read timeout=10)
2025-10-10 21:19:19,543 - WARNING - Error al descargar https://stackoverflow.com/, intento 2/3: HTTPSConnectionPool(host='stackoverflow.com', port=443): Read timed out. (read timeout=10)
2025-10-10 21:19:20,705 - WARNING - Error al descargar https://www.gutenberg.org/, intento 2/3: HTTPSConnectionPool(host='www.gutenberg.org', port=443): Read timed out.
2025-10-10 21:19:29,659 - WARNING - Error al descargar https://www.gutenberg.org/, intento 3/3: ('Connection aborted.', RemoteDisconnected('Remote end closed connection without response'))
2025-10-10 21:26:03,093 - INFO - Cola vacía, añadiendo más semillas...
2025-10-10 21:26:04,093 - INFO - Cola vacía, añadiendo más semillas...
2025-10-10 21:26:05,094 - INFO - Cola vacía, añadiendo más semillas...
2025-10-10 21:26:06,094 - INFO - Cola vacía, añadiendo más semillas...
2025-10-10 21:26:07,095 - INFO - Cola vacía, añadiendo más semillas...
2025-10-10 21:26:08,095 - INFO - Cola vacía, añadiendo más semillas...
2025-10-10 21:26:09,096 - INFO - Cola vacía, añadiendo más semillas...
2025-10-10 21:26:10,096 - INFO - Cola vacía, añadiendo más semillas...
2025-10-10 21:26:11,097 - INFO - Cola vacía, añadiendo más semillas...
2025-10-10 21:26:12,097 - INFO - Cola vacía, añadiendo más semillas...
2025-10-10 21:26:13,098 - INFO - Cola vacía, añadiendo más semillas...
2025-10-10 21:26:14,099 - INFO - Cola vacía, añadiendo más semillas...
2025-10-10 21:26:15,099 - INFO - Cola vacía, añadiendo más semillas...
2025-10-10 21:26:16,100 - INFO - Cola vacía, añadiendo más semillas...
2025-10-10 21:26:17,100 - INFO - Cola vacía, añadiendo más semillas...
2025-10-10 21:26:18,101 - INFO - Cola vacía, añadiendo más semillas...
2025-10-10 21:26:19,101 - INFO - Cola vacía, añadiendo más semillas...
2025-10-10 21:26:20,102 - INFO - Cola vacía, añadiendo más semillas...
2025-10-10 21:26:21,103 - INFO - Cola vacía, añadiendo más semillas...
2025-10-10 21:26:22,103 - INFO - Cola vacía, añadiendo más semillas...
2025-10-10 21:26:23,103 - INFO - Cola vacía, añadiendo más semillas...
2025-10-10 21:26:24,104 - INFO - Cola vacía, añadiendo más semillas...
2025-10-10 21:26:25,104 - INFO - Cola vacía, añadiendo más semillas...
2025-10-10 21:26:26,105 - INFO - Cola vacía, añadiendo más semillas...
2025-10-10 21:26:27,106 - INFO - Cola vacía, añadiendo más semillas...
2025-10-10 21:26:28,106 - INFO - Cola vacía, añadiendo más semillas...
2025-10-10 21:26:29,107 - INFO - Cola vacía, añadiendo más semillas...
2025-10-10 21:26:30,107 - INFO - Cola vacía, añadiendo más semillas...
2025-10-10 21:26:31,108 - INFO - Cola vacía, añadiendo más semillas...
2025-10-10 21:26:32,109 - INFO - Cola vacía, añadiendo más semillas...
2025-10-10 21:26:33,109 - INFO - Cola vacía, añadiendo más semillas...
2025-10-10 21:26:34,110 - INFO - Cola vacía, añadiendo más semillas...
2025-10-10 21:26:35,111 - INFO - Cola vacía, añadiendo más semillas...
2025-10-10 21:26:36,111 - INFO - Cola vacía, añadiendo más semillas...
2025-10-10 21:26:37,112 - INFO - Cola vacía, añadiendo más semillas...
2025-10-10 21:26:38,112 - INFO - Cola vacía, añadiendo más semillas...
2025-10-10 21:26:39,113 - INFO - Cola vacía, añadiendo más semillas...
2025-10-10 21:26:40,114 - INFO - Cola vacía, añadiendo más semillas...
2025-10-10 21:26:41,114 - INFO - Cola vacía, añadiendo más semillas...
2025-10-10 21:26:42,115 - INFO - Cola vacía, añadiendo más semillas...
2025-10-10 21:26:43,115 - INFO - Cola vacía, añadiendo más semillas...
2025-10-10 21:26:44,116 - INFO - Cola vacía, añadiendo más semillas...
2025-10-10 21:26:45,116 - INFO - Cola vacía, añadiendo más semillas...
2025-10-10 21:26:46,117 - INFO - Cola vacía, añadiendo más semillas...
2025-10-10 21:26:47,117 - INFO - Cola vacía, añadiendo más semillas...
2025-10-10 21:26:48,118 - INFO - Cola vacía, añadiendo más semillas...
2025-10-10 21:26:49,118 - INFO - Cola vacía, añadiendo más semillas...
2025-10-10 21:26:50,119 - INFO - Cola vacía, añadiendo más semillas...
2025-10-10 21:26:51,119 - INFO - Cola vacía, añadiendo más semillas...
2025-10-10 21:26:52,120 - INFO - Cola vacía, añadiendo más semillas...
2025-10-10 21:26:53,120 - INFO - Cola vacía, añadiendo más semillas...
2025-10-10 21:26:54,121 - INFO - Cola vacía, añadiendo más semillas...
2025-10-10 21:26:55,121 - INFO - Cola vacía, añadiendo más semillas...
2025-10-10 21:26:56,122 - INFO - Cola vacía, añadiendo más semillas...
2025-10-10 21:26:57,123 - INFO - Cola vacía, añadiendo más semillas...
2025-10-10 21:26:58,123 - INFO - Cola vacía, añadiendo más semillas...
2025-10-10 21:26:59,124 - INFO - Cola vacía, añadiendo más semillas...
2025-10-10 21:27:00,124 - INFO - Cola vacía, añadiendo más semillas...
2025-10-10 21:27:01,124 - INFO - Cola vacía, añadiendo más semillas...
2025-10-10 21:27:02,125 - INFO - Cola vacía, añadiendo más semillas...
2025-10-10 21:27:03,125 - INFO - Cola vacía, añadiendo más semillas...
2025-10-10 21:27:04,126 - INFO - Cola vacía, añadiendo más semillas...
2025-10-10 21:27:05,126 - INFO - Cola vacía, añadiendo más semillas...
2025-10-10 21:27:06,127 - INFO - Cola vacía, añadiendo más semillas...
2025-10-10 21:27:07,127 - INFO - Cola vacía, añadiendo más semillas...
2025-10-10 21:27:08,128 - INFO - Cola vacía, añadiendo más semillas...
2025-10-10 21:27:09,128 - INFO - Cola vacía, añadiendo más semillas...
2025-10-10 21:27:10,129 - INFO - Cola vacía, añadiendo más semillas...
2025-10-10 21:27:11,129 - INFO - Cola vacía, añadiendo más semillas...
2025-10-10 21:27:12,130 - INFO - Cola vacía, añadiendo más semillas...
2025-10-10 21:27:13,130 - INFO - Cola vacía, añadiendo más semillas...
2025-10-10 21:27:14,130 - INFO - Cola vacía, añadiendo más semillas...
2025-10-10 21:27:15,131 - INFO - Cola vacía, añadiendo más semillas...
2025-10-10 21:27:16,131 - INFO - Cola vacía, añadiendo más semillas...
2025-10-10 21:27:17,132 - INFO - Cola vacía, añadiendo más semillas...
2025-10-10 21:27:18,132 - INFO - Cola vacía, añadiendo más semillas...
2025-10-10 21:27:19,132 - INFO - Cola vacía, añadiendo más semillas...
2025-10-10 21:27:20,133 - INFO - Cola vacía, añadiendo más semillas...
2025-10-10 21:27:21,133 - INFO - Cola vacía, añadiendo más semillas...
2025-10-10 21:27:22,134 - INFO - Cola vacía, añadiendo más semillas...
2025-10-10 21:27:23,134 - INFO - Cola vacía, añadiendo más semillas...
2025-10-10 21:27:24,134 - INFO - Cola vacía, añadiendo más semillas...
2025-10-10 21:27:25,135 - INFO - Cola vacía, añadiendo más semillas...
2025-10-10 21:27:26,135 - INFO - Cola vacía, añadiendo más semillas...
2025-10-10 21:27:27,136 - INFO - Cola vacía, añadiendo más semillas...
2025-10-10 21:27:28,136 - INFO - Cola vacía, añadiendo más semillas...
2025-10-10 21:27:29,136 - INFO - Cola vacía, añadiendo más semillas...
2025-10-10 21:27:30,137 - INFO - Cola vacía, añadiendo más semillas...
2025-10-10 21:27:31,137 - INFO - Cola vacía, añadiendo más semillas...
2025-10-10 21:27:32,138 - INFO - Cola vacía, añadiendo más semillas...
2025-10-10 21:27:33,138 - INFO - Cola vacía, añadiendo más semillas...
2025-10-10 21:27:34,139 - INFO - Cola vacía, añadiendo más semillas...
2025-10-10 21:27:35,139 - INFO - Cola vacía, añadiendo más semillas...
2025-10-10 21:27:36,140 - INFO - Cola vacía, añadiendo más semillas...
2025-10-10 21:27:37,140 - INFO - Cola vacía, añadiendo más semillas...
2025-10-10 21:27:38,141 - INFO - Cola vacía, añadiendo más semillas...
2025-10-10 21:27:39,141 - INFO - Cola vacía, añadiendo más semillas...
2025-10-10 21:27:40,141 - INFO - Cola vacía, añadiendo más semillas...
2025-10-10 21:27:41,142 - INFO - Cola vacía, añadiendo más semillas...
2025-10-10 21:27:42,142 - INFO - Cola vacía, añadiendo más semillas...
2025-10-10 21:27:43,142 - INFO - Cola vacía, añadiendo más semillas...
2025-10-10 21:27:44,143 - INFO - Cola vacía, añadiendo más semillas...
2025-10-10 21:27:45,144 - INFO - Cola vacía, añadiendo más semillas...
2025-10-10 21:27:46,144 - INFO - Cola vacía, añadiendo más semillas...
2025-10-10 21:27:47,145 - INFO - Cola vacía, añadiendo más semillas...
2025-10-10 21:27:48,145 - INFO - Cola vacía, añadiendo más semillas...
2025-10-10 21:27:49,146 - INFO - Cola vacía, añadiendo más semillas...
2025-10-10 21:27:50,146 - INFO - Cola vacía, añadiendo más semillas...
2025-10-10 21:27:51,146 - INFO - Cola vacía, añadiendo más semillas...
2025-10-10 21:27:52,147 - INFO - Cola vacía, añadiendo más semillas...
2025-10-10 21:27:53,147 - INFO - Cola vacía, añadiendo más semillas...
2025-10-10 21:27:54,148 - INFO - Cola vacía, añadiendo más semillas...
2025-10-10 21:27:55,148 - INFO - Cola vacía, añadiendo más semillas...
2025-10-10 21:27:56,149 - INFO - Cola vacía, añadiendo más semillas...
2025-10-10 21:27:57,149 - INFO - Cola vacía, añadiendo más semillas...
2025-10-10 21:27:58,150 - INFO - Cola vacía, añadiendo más semillas...
2025-10-10 21:27:59,150 - INFO - Cola vacía, añadiendo más semillas...
2025-10-10 21:28:00,150 - INFO - Cola vacía, añadiendo más semillas...
2025-10-10 21:28:01,151 - INFO - Cola vacía, añadiendo más semillas...
2025-10-10 21:28:02,151 - INFO - Cola vacía, añadiendo más semillas...
2025-10-10 21:28:03,152 - INFO - Cola vacía, añadiendo más semillas...
2025-10-10 21:28:04,152 - INFO - Cola vacía, añadiendo más semillas...
2025-10-10 21:28:05,153 - INFO - Cola vacía, añadiendo más semillas...
2025-10-10 21:28:06,153 - INFO - Cola vacía, añadiendo más semillas...
2025-10-10 21:28:07,153 - INFO - Cola vacía, añadiendo más semillas...
2025-10-10 21:28:08,154 - INFO - Cola vacía, añadiendo más semillas...
2025-10-10 21:28:09,154 - INFO - Cola vacía, añadiendo más semillas...
2025-10-10 21:28:10,155 - INFO - Cola vacía, añadiendo más semillas...
2025-10-10 21:28:11,155 - INFO - Cola vacía, añadiendo más semillas...
2025-10-10 21:28:12,155 - INFO - Cola vacía, añadiendo más semillas...
2025-10-10 21:28:13,156 - INFO - Cola vacía, añadiendo más semillas...
2025-10-10 21:28:14,156 - INFO - Cola vacía, añadiendo más semillas...
2025-10-10 21:28:15,157 - INFO - Cola vacía, añadiendo más semillas...
2025-10-10 21:28:15,459 - WARNING - Error al leer robots.txt para es.wikipedia.org: <urlopen error [Errno 101] Network is unreachable>
2025-10-10 21:28:15,459 - INFO - Ignorando https://es.wikipedia.org/wiki/Wikipedia:Portada (no permitido por robots.txt)
2025-10-10 21:28:16,157 - INFO - Cola vacía, añadiendo más semillas...
2025-10-10 21:28:17,158 - INFO - Cola vacía, añadiendo más semillas...
2025-10-10 21:28:18,158 - INFO - Cola vacía, añadiendo más semillas...
2025-10-10 21:28:19,159 - INFO - Cola vacía, añadiendo más semillas...
2025-10-10 21:28:20,159 - INFO - Cola vacía, añadiendo más semillas...
2025-10-10 21:28:21,160 - INFO - Cola vacía, añadiendo más semillas...
2025-10-10 21:28:22,160 - INFO - Cola vacía, añadiendo más semillas...
2025-10-10 21:28:23,160 - INFO - Cola vacía, añadiendo más semillas...
2025-10-10 21:28:24,161 - INFO - Cola vacía, añadiendo más semillas...
2025-10-10 21:28:25,161 - INFO - Cola vacía, añadiendo más semillas...
2025-10-10 21:28:26,161 - INFO - Cola vacía, añadiendo más semillas...
2025-10-10 21:28:27,162 - INFO - Cola vacía, añadiendo más semillas...
2025-10-10 21:28:28,162 - INFO - Cola vacía, añadiendo más semillas...
2025-10-10 21:28:29,163 - INFO - Cola vacía, añadiendo más semillas...
2025-10-10 21:28:30,163 - INFO - Cola vacía, añadiendo más semillas...
2025-10-10 21:28:30,737 - WARNING - Error al leer robots.txt para www.gutenberg.org: Remote end closed connection without response
2025-10-10 21:28:30,737 - INFO - Ignorando https://www.gutenberg.org/ (no permitido por robots.txt)
2025-10-10 21:28:31,164 - INFO - Cola vacía, añadiendo más semillas...
2025-10-10 21:28:32,164 - INFO - Cola vacía, añadiendo más semillas...
2025-10-10 21:28:33,165 - INFO - Cola vacía, añadiendo más semillas...
2025-10-10 21:28:34,165 - INFO - Cola vacía, añadiendo más semillas...
2025-10-10 21:28:35,165 - INFO - Cola vacía, añadiendo más semillas...
2025-10-10 21:28:36,166 - INFO - Cola vacía, añadiendo más semillas...
2025-10-10 21:28:37,166 - INFO - Cola vacía, añadiendo más semillas...
2025-10-10 21:28:38,167 - INFO - Cola vacía, añadiendo más semillas...
2025-10-10 21:28:39,167 - INFO - Cola vacía, añadiendo más semillas...
2025-10-10 21:28:40,168 - INFO - Cola vacía, añadiendo más semillas...
2025-10-10 21:28:41,168 - INFO - Cola vacía, añadiendo más semillas...
2025-10-10 21:28:42,168 - INFO - Cola vacía, añadiendo más semillas...
2025-10-10 21:28:43,169 - INFO - Cola vacía, añadiendo más semillas...
2025-10-10 21:28:44,169 - INFO - Cola vacía, añadiendo más semillas...
2025-10-10 21:28:45,170 - INFO - Cola vacía, añadiendo más semillas...
2025-10-10 21:28:46,170 - INFO - Cola vacía, añadiendo más semillas...
2025-10-10 21:28:47,171 - INFO - Cola vacía, añadiendo más semillas...
2025-10-10 21:28:48,172 - INFO - Cola vacía, añadiendo más semillas...
2025-10-10 21:28:49,172 - INFO - Cola vacía, añadiendo más semillas...
2025-10-10 21:28:50,173 - INFO - Cola vacía, añadiendo más semillas...
2025-10-10 21:28:51,173 - INFO - Cola vacía, añadiendo más semillas...
2025-10-10 21:28:52,174 - INFO - Cola vacía, añadiendo más semillas...
2025-10-10 21:28:52,635 - WARNING - Error al descargar https://www.nationalgeographic.com/, intento 1/3: HTTPSConnectionPool(host='www.nationalgeographic.com', port=443): Read timed out. (read timeout=10)
2025-10-10 21:28:53,174 - INFO - Cola vacía, añadiendo más semillas...
2025-10-10 21:28:54,175 - INFO - Cola vacía, añadiendo más semillas...
2025-10-10 21:28:55,175 - INFO - Cola vacía, añadiendo más semillas...
2025-10-10 21:28:56,175 - INFO - Cola vacía, añadiendo más semillas...
2025-10-10 21:28:57,176 - INFO - Cola vacía, añadiendo más semillas...
2025-10-10 21:28:58,176 - INFO - Cola vacía, añadiendo más semillas...
2025-10-10 21:28:59,176 - INFO - Cola vacía, añadiendo más semillas...
2025-10-10 21:29:00,177 - INFO - Cola vacía, añadiendo más semillas...
2025-10-10 21:29:14,845 - INFO - Ignorando https://www.un.org/es/ (no permitido por robots.txt)
2025-10-10 21:29:26,916 - WARNING - Error al leer robots.txt para www.nasa.gov: Remote end closed connection without response
2025-10-10 21:29:26,916 - INFO - Ignorando https://www.nasa.gov/ (no permitido por robots.txt)
2025-10-10 21:30:12,666 - WARNING - Error al descargar https://www.python.org/events/python-events/, intento 1/3: HTTPSConnectionPool(host='www.python.org', port=443): Read timed out.
2025-10-10 21:32:38,920 - WARNING - Error al descargar https://www.python.org/community/forums/, intento 1/3: HTTPSConnectionPool(host='www.python.org', port=443): Read timed out. (read timeout=10)
2025-10-10 21:32:42,681 - WARNING - Error al descargar https://xon.sh, intento 1/3: HTTPSConnectionPool(host='xon.sh', port=443): Read timed out. (read timeout=10)
2025-10-10 21:32:52,826 - WARNING - Error al descargar https://www.nationalgeographic.com/tv/show/8e7c141b-f419-4e2c-bb6d-5c55d97a456a, intento 1/3: HTTPSConnectionPool(host='natgeotv.com', port=443): Read timed out. (read timeout=10)
2025-10-10 21:33:05,339 - WARNING - Error al descargar https://www.nationalgeographic.com/tv/show/0e054fb6-8330-4970-a03c-0c271ad5daf6, intento 1/3: HTTPSConnectionPool(host='www.nationalgeographic.com', port=443): Read timed out. (read timeout=10)
2025-10-10 21:33:07,467 - WARNING - Error al descargar https://www.nationalgeographic.com/tv/show/94ad3635-e9e4-4d86-923d-bbfdf6f4ef6b, intento 1/3: HTTPSConnectionPool(host='www.natgeotv.com', port=443): Read timed out. (read timeout=10)
2025-10-10 21:33:20,984 - WARNING - Error al descargar https://www.nationalgeographic.com/tv/movies-and-specials/b4e0bf86-6bcf-4577-9450-fee3f75c5a13, intento 1/3: HTTPSConnectionPool(host='natgeotv.com', port=443): Read timed out. (read timeout=10)
2025-10-10 21:33:37,947 - WARNING - Error al descargar https://www.nationalgeographic.com/tv/movies-and-specials/b4e0bf86-6bcf-4577-9450-fee3f75c5a13, intento 2/3: HTTPSConnectionPool(host='natgeotv.com', port=443): Max retries exceeded with url: / (Caused by ConnectTimeoutError(<urllib3.connection.HTTPSConnection object at 0x765a6973fb60>, 'Connection to natgeotv.com timed out. (connect timeout=10)'))
2025-10-10 21:34:15,386 - WARNING - Error al descargar https://www.nationalgeographic.com/tv/movies-and-specials/b4e0bf86-6bcf-4577-9450-fee3f75c5a13, intento 3/3: HTTPSConnectionPool(host='www.natgeotv.com', port=443): Read timed out. (read timeout=10)
2025-10-10 22:26:02,534 - INFO - Cola vacía, añadiendo más semillas...
2025-10-10 22:26:03,534 - INFO - Cola vacía, añadiendo más semillas...
2025-10-10 22:26:04,535 - INFO - Cola vacía, añadiendo más semillas...
2025-10-10 22:26:05,535 - INFO - Cola vacía, añadiendo más semillas...
2025-10-10 22:26:06,535 - INFO - Cola vacía, añadiendo más semillas...
2025-10-10 22:26:07,536 - INFO - Cola vacía, añadiendo más semillas...
2025-10-10 22:26:08,536 - INFO - Cola vacía, añadiendo más semillas...
2025-10-10 22:26:09,537 - INFO - Cola vacía, añadiendo más semillas...
2025-10-10 22:26:10,537 - INFO - Cola vacía, añadiendo más semillas...
2025-10-10 22:26:11,537 - INFO - Cola vacía, añadiendo más semillas...
2025-10-10 22:26:12,538 - INFO - Cola vacía, añadiendo más semillas...
2025-10-10 22:26:13,538 - INFO - Cola vacía, añadiendo más semillas...
2025-10-10 22:26:14,539 - INFO - Cola vacía, añadiendo más semillas...
2025-10-10 22:26:15,539 - INFO - Cola vacía, añadiendo más semillas...
2025-10-10 22:26:16,540 - INFO - Cola vacía, añadiendo más semillas...
2025-10-10 22:26:17,540 - INFO - Cola vacía, añadiendo más semillas...
2025-10-10 22:26:18,540 - INFO - Cola vacía, añadiendo más semillas...
2025-10-10 22:26:18,849 - INFO - Ignorando https://es.wikipedia.org/wiki/Wikipedia:Portada (no permitido por robots.txt)
2025-10-10 22:26:19,541 - INFO - Cola vacía, añadiendo más semillas...
2025-10-10 22:26:20,541 - INFO - Cola vacía, añadiendo más semillas...
2025-10-10 22:26:21,542 - INFO - Cola vacía, añadiendo más semillas...
2025-10-10 22:26:22,543 - INFO - Cola vacía, añadiendo más semillas...
2025-10-10 22:26:23,543 - INFO - Cola vacía, añadiendo más semillas...
2025-10-10 22:26:24,543 - INFO - Cola vacía, añadiendo más semillas...
2025-10-10 22:26:25,544 - INFO - Cola vacía, añadiendo más semillas...
2025-10-10 22:26:26,544 - INFO - Cola vacía, añadiendo más semillas...
2025-10-10 22:26:27,545 - INFO - Cola vacía, añadiendo más semillas...
2025-10-10 22:26:28,545 - INFO - Cola vacía, añadiendo más semillas...
2025-10-10 22:26:29,546 - INFO - Cola vacía, añadiendo más semillas...
2025-10-10 22:26:30,546 - INFO - Cola vacía, añadiendo más semillas...
2025-10-10 22:26:31,547 - INFO - Cola vacía, añadiendo más semillas...
2025-10-10 22:26:32,547 - INFO - Cola vacía, añadiendo más semillas...
2025-10-10 22:26:33,548 - INFO - Cola vacía, añadiendo más semillas...
2025-10-10 22:26:34,548 - INFO - Cola vacía, añadiendo más semillas...
2025-10-10 22:26:35,549 - INFO - Cola vacía, añadiendo más semillas...
2025-10-10 22:26:36,549 - INFO - Cola vacía, añadiendo más semillas...
2025-10-10 22:26:37,383 - INFO - Ignorando https://www.un.org/es/ (no permitido por robots.txt)
2025-10-10 22:26:37,550 - INFO - Cola vacía, añadiendo más semillas...
2025-10-10 22:26:38,550 - INFO - Cola vacía, añadiendo más semillas...
2025-10-10 22:26:39,550 - INFO - Cola vacía, añadiendo más semillas...
2025-10-10 22:26:40,551 - INFO - Cola vacía, añadiendo más semillas...
2025-10-10 22:26:41,551 - INFO - Cola vacía, añadiendo más semillas...
2025-10-10 22:26:42,552 - INFO - Cola vacía, añadiendo más semillas...
2025-10-10 22:26:43,552 - INFO - Cola vacía, añadiendo más semillas...
2025-10-10 22:26:44,553 - INFO - Cola vacía, añadiendo más semillas...
2025-10-10 22:26:45,553 - INFO - Cola vacía, añadiendo más semillas...
2025-10-10 22:26:46,553 - INFO - Cola vacía, añadiendo más semillas...
2025-10-10 22:26:47,554 - INFO - Cola vacía, añadiendo más semillas...
2025-10-10 22:26:48,554 - INFO - Cola vacía, añadiendo más semillas...
2025-10-10 22:26:49,555 - INFO - Cola vacía, añadiendo más semillas...
2025-10-10 22:26:50,555 - INFO - Cola vacía, añadiendo más semillas...
2025-10-10 22:26:51,556 - INFO - Cola vacía, añadiendo más semillas...
2025-10-10 22:26:52,556 - INFO - Cola vacía, añadiendo más semillas...
2025-10-10 22:26:53,557 - INFO - Cola vacía, añadiendo más semillas...
2025-10-10 22:26:54,557 - INFO - Cola vacía, añadiendo más semillas...
2025-10-10 22:26:55,558 - INFO - Cola vacía, añadiendo más semillas...
2025-10-10 22:26:56,558 - INFO - Cola vacía, añadiendo más semillas...
2025-10-10 22:26:57,559 - INFO - Cola vacía, añadiendo más semillas...
2025-10-10 22:26:58,559 - INFO - Cola vacía, añadiendo más semillas...
2025-10-10 22:26:59,559 - INFO - Cola vacía, añadiendo más semillas...
2025-10-10 22:27:00,560 - INFO - Cola vacía, añadiendo más semillas...
2025-10-10 22:27:01,560 - INFO - Cola vacía, añadiendo más semillas...
2025-10-10 22:27:02,561 - INFO - Cola vacía, añadiendo más semillas...
2025-10-10 22:27:03,561 - INFO - Cola vacía, añadiendo más semillas...
2025-10-10 22:27:04,562 - INFO - Cola vacía, añadiendo más semillas...
2025-10-10 22:27:05,562 - INFO - Cola vacía, añadiendo más semillas...
2025-10-10 22:27:06,562 - INFO - Cola vacía, añadiendo más semillas...
2025-10-10 22:27:07,563 - INFO - Cola vacía, añadiendo más semillas...
2025-10-10 22:27:08,563 - INFO - Cola vacía, añadiendo más semillas...
2025-10-10 22:27:09,564 - INFO - Cola vacía, añadiendo más semillas...
2025-10-10 22:27:10,564 - INFO - Cola vacía, añadiendo más semillas...
2025-10-10 22:27:11,565 - INFO - Cola vacía, añadiendo más semillas...
2025-10-10 22:27:11,885 - WARNING - Error al descargar https://www.nasa.gov/, intento 1/3: HTTPSConnectionPool(host='www.nasa.gov', port=443): Read timed out. (read timeout=10)
2025-10-10 22:27:12,565 - INFO - Cola vacía, añadiendo más semillas...
2025-10-10 22:27:13,566 - INFO - Cola vacía, añadiendo más semillas...
2025-10-10 22:27:55,550 - WARNING - Error al descargar https://www.python.org/psf/community-stories/, intento 1/3: HTTPSConnectionPool(host='www.python.org', port=443): Max retries exceeded with url: /psf/community-stories/ (Caused by NewConnectionError('<urllib3.connection.HTTPSConnection object at 0x765ee0200320>: Failed to establish a new connection: [Errno 101] Network is unreachable'))
2025-10-10 22:28:04,206 - WARNING - Error al descargar https://www.python.org/psf/membership/, intento 1/3: HTTPSConnectionPool(host='www.python.org', port=443): Read timed out. (read timeout=10)
2025-10-10 22:28:08,409 - WARNING - Error al descargar https://www.python.org/events/python-events/, intento 1/3: HTTPSConnectionPool(host='www.python.org', port=443): Read timed out.
2025-10-10 22:28:44,775 - WARNING - Error al leer robots.txt para science.nasa.gov: Remote end closed connection without response
2025-10-10 22:28:44,775 - INFO - Ignorando https://science.nasa.gov/astromaterials/ (no permitido por robots.txt)
2025-10-10 22:28:44,775 - INFO - Ignorando https://science.nasa.gov/citizen-science/exoplanet-watch/background/ (no permitido por robots.txt)
2025-10-10 22:28:44,776 - INFO - Ignorando https://science.nasa.gov/skywatching/ (no permitido por robots.txt)
2025-10-10 22:28:44,777 - INFO - Ignorando https://science.nasa.gov/solar-system/ (no permitido por robots.txt)
2025-10-10 22:28:47,779 - INFO - Ignorando https://science.nasa.gov/biological-physical (no permitido por robots.txt)
2025-10-10 22:28:59,665 - INFO - Ignorando https://science.nasa.gov/earth/facts (no permitido por robots.txt)
2025-10-10 22:28:59,715 - WARNING - Error al descargar https://www.nasa.gov/technology/, intento 1/3: HTTPSConnectionPool(host='www.nasa.gov', port=443): Read timed out. (read timeout=10)
2025-10-10 22:29:00,107 - WARNING - Error al descargar https://wiki.python.org/moin/PythonBooks, intento 1/3: HTTPSConnectionPool(host='wiki.python.org', port=443): Read timed out. (read timeout=10)
2025-10-10 22:29:00,622 - WARNING - Error al descargar https://www.nasa.gov/nasa-missions/, intento 1/3: HTTPSConnectionPool(host='www.nasa.gov', port=443): Read timed out. (read timeout=10)
2025-10-10 22:29:02,701 - WARNING - Error al descargar https://www.nasa.gov/directorates/esdmd/artemis-campaign-development-division/human-landing-system-program/human-lander-challenge/nasa-opens-2026-human-lander-challenge-for-life-support-systems-more/, intento 1/3: HTTPSConnectionPool(host='www.nasa.gov', port=443): Read timed out. (read timeout=10)
2025-10-10 22:29:10,043 - WARNING - Error al descargar https://www.nasa.gov/nasa-brand-center/, intento 1/3: HTTPSConnectionPool(host='www.nasa.gov', port=443): Read timed out.
2025-10-10 22:29:10,376 - WARNING - Error al descargar https://www.nasa.gov/technology/, intento 2/3: ('Connection aborted.', RemoteDisconnected('Remote end closed connection without response'))
2025-10-10 22:29:12,926 - WARNING - Error al descargar https://wiki.python.org/moin/PythonBooks, intento 2/3: HTTPSConnectionPool(host='wiki.python.org', port=443): Read timed out. (read timeout=10)
2025-10-10 22:29:14,512 - INFO - Ignorando https://science.nasa.gov/universe/exoplanets/discovery-alert-baby-planet-photographed-in-a-ring-around-a-star-for-the-first-time/ (no permitido por robots.txt)
2025-10-10 22:29:14,512 - INFO - Ignorando https://science.nasa.gov/astrophysics/programs/exep/aas-links/ (no permitido por robots.txt)
2025-10-10 22:29:14,558 - WARNING - Error al descargar https://www.nasa.gov/nasa-missions/, intento 2/3: HTTPSConnectionPool(host='www.nasa.gov', port=443): Read timed out. (read timeout=10)
2025-10-10 22:29:17,228 - WARNING - Error al descargar https://www.nasa.gov/images/, intento 1/3: HTTPSConnectionPool(host='www.nasa.gov', port=443): Read timed out. (read timeout=10)
2025-10-10 22:29:21,083 - INFO - Ignorando https://science.nasa.gov/dark-energy (no permitido por robots.txt)
2025-10-10 22:29:23,586 - WARNING - Error al descargar https://www.nasa.gov/technology/, intento 3/3: ('Connection aborted.', RemoteDisconnected('Remote end closed connection without response'))
2025-10-10 22:29:24,701 - WARNING - Error al descargar https://www.nasa.gov/es/las-carreras-en-la-nasa-despegan-con-las-pasantias/, intento 1/3: HTTPSConnectionPool(host='www.nasa.gov', port=443): Read timed out. (read timeout=10)
2025-10-10 22:29:28,375 - WARNING - Error al descargar https://www.nasa.gov/centers-and-facilities/johnson/astronaut-candidates-get-to-work-at-johnson-space-center/, intento 1/3: HTTPSConnectionPool(host='www.nasa.gov', port=443): Read timed out.
2025-10-10 22:29:47,840 - WARNING - Error al descargar https://stackoverflow.com/collectives, intento 1/3: HTTPSConnectionPool(host='stackoverflow.com', port=443): Read timed out.
2025-10-10 22:30:00,455 - WARNING - Error al descargar https://stackoverflow.com/users/14282504/pd-l2ork, intento 1/3: HTTPSConnectionPool(host='stackoverflow.com', port=443): Read timed out.
2025-10-10 22:30:02,600 - INFO - URL no accesible https://stackoverflow.com/users/signup?ssrc=head&returnurl=https%3a%2f%2fstackoverflow.com%2fquestions (Código 403)
2025-10-10 22:30:06,057 - WARNING - Error al descargar https://stackoverflow.com/collectives, intento 2/3: HTTPSConnectionPool(host='stackoverflow.com', port=443): Read timed out.
2025-10-10 22:36:04,535 - INFO - Cola vacía, añadiendo más semillas...
2025-10-10 22:36:05,536 - INFO - Cola vacía, añadiendo más semillas...
2025-10-10 22:36:06,537 - INFO - Cola vacía, añadiendo más semillas...
2025-10-10 22:36:07,538 - INFO - Cola vacía, añadiendo más semillas...
2025-10-10 22:36:08,539 - INFO - Cola vacía, añadiendo más semillas...
2025-10-10 22:36:09,540 - INFO - Cola vacía, añadiendo más semillas...
2025-10-10 22:36:10,541 - INFO - Cola vacía, añadiendo más semillas...
2025-10-10 22:36:11,542 - INFO - Cola vacía, añadiendo más semillas...
2025-10-10 22:36:12,543 - INFO - Cola vacía, añadiendo más semillas...
2025-10-10 22:36:13,544 - INFO - Cola vacía, añadiendo más semillas...
2025-10-10 22:36:14,544 - INFO - Cola vacía, añadiendo más semillas...
2025-10-10 22:36:15,545 - INFO - Cola vacía, añadiendo más semillas...
2025-10-10 22:36:16,546 - INFO - Cola vacía, añadiendo más semillas...
2025-10-10 22:36:17,547 - INFO - Cola vacía, añadiendo más semillas...
2025-10-10 22:36:18,547 - INFO - Cola vacía, añadiendo más semillas...
2025-10-10 22:36:19,548 - INFO - Cola vacía, añadiendo más semillas...
2025-10-10 22:36:20,549 - INFO - Cola vacía, añadiendo más semillas...
2025-10-10 22:36:21,549 - INFO - Cola vacía, añadiendo más semillas...
2025-10-10 22:36:22,551 - INFO - Cola vacía, añadiendo más semillas...
2025-10-10 22:36:23,551 - INFO - Cola vacía, añadiendo más semillas...
2025-10-10 22:36:24,552 - INFO - Cola vacía, añadiendo más semillas...
2025-10-10 22:36:25,553 - INFO - Cola vacía, añadiendo más semillas...
2025-10-10 22:36:26,554 - INFO - Cola vacía, añadiendo más semillas...
2025-10-10 22:36:27,555 - INFO - Cola vacía, añadiendo más semillas...
2025-10-10 22:36:28,556 - INFO - Cola vacía, añadiendo más semillas...
2025-10-10 22:36:28,663 - INFO - Ignorando https://es.wikipedia.org/wiki/Wikipedia:Portada (no permitido por robots.txt)
2025-10-10 22:36:29,557 - INFO - Cola vacía, añadiendo más semillas...
2025-10-10 22:36:30,558 - INFO - Cola vacía, añadiendo más semillas...
2025-10-10 22:36:31,559 - INFO - Cola vacía, añadiendo más semillas...
2025-10-10 22:36:32,559 - INFO - Cola vacía, añadiendo más semillas...
2025-10-10 22:36:33,560 - INFO - Cola vacía, añadiendo más semillas...
2025-10-10 22:36:33,814 - INFO - Ignorando https://www.un.org/es/ (no permitido por robots.txt)
2025-10-10 22:36:34,561 - INFO - Cola vacía, añadiendo más semillas...
2025-10-10 22:36:35,563 - INFO - Cola vacía, añadiendo más semillas...
2025-10-10 22:36:36,564 - INFO - Cola vacía, añadiendo más semillas...
2025-10-10 22:36:37,564 - INFO - Cola vacía, añadiendo más semillas...
2025-10-10 22:36:38,565 - INFO - Cola vacía, añadiendo más semillas...
2025-10-10 22:36:39,566 - INFO - Cola vacía, añadiendo más semillas...
2025-10-10 22:36:40,567 - INFO - Cola vacía, añadiendo más semillas...
2025-10-10 22:36:41,568 - INFO - Cola vacía, añadiendo más semillas...
2025-10-10 22:36:42,569 - INFO - Cola vacía, añadiendo más semillas...
2025-10-10 22:36:43,570 - INFO - Cola vacía, añadiendo más semillas...
2025-10-10 22:36:44,571 - INFO - Cola vacía, añadiendo más semillas...
2025-10-10 22:36:45,572 - INFO - Cola vacía, añadiendo más semillas...
2025-10-10 22:36:46,573 - INFO - Cola vacía, añadiendo más semillas...
2025-10-10 22:36:47,573 - INFO - Cola vacía, añadiendo más semillas...
2025-10-10 22:36:48,574 - INFO - Cola vacía, añadiendo más semillas...
2025-10-10 22:36:49,576 - INFO - Cola vacía, añadiendo más semillas...
2025-10-10 22:36:50,576 - INFO - Cola vacía, añadiendo más semillas...
2025-10-10 22:36:51,577 - INFO - Cola vacía, añadiendo más semillas...
2025-10-10 22:36:52,579 - INFO - Cola vacía, añadiendo más semillas...
2025-10-10 22:36:53,580 - INFO - Cola vacía, añadiendo más semillas...
2025-10-10 22:36:54,581 - INFO - Cola vacía, añadiendo más semillas...
2025-10-10 22:36:55,582 - INFO - Cola vacía, añadiendo más semillas...
2025-10-10 22:36:56,583 - INFO - Cola vacía, añadiendo más semillas...
2025-10-10 22:36:57,584 - INFO - Cola vacía, añadiendo más semillas...
2025-10-10 22:36:58,585 - INFO - Cola vacía, añadiendo más semillas...
2025-10-10 22:36:59,586 - INFO - Cola vacía, añadiendo más semillas...
2025-10-10 22:37:00,587 - INFO - Cola vacía, añadiendo más semillas...
2025-10-10 22:37:01,587 - INFO - Cola vacía, añadiendo más semillas...
2025-10-10 22:37:02,588 - INFO - Cola vacía, añadiendo más semillas...
2025-10-10 22:37:03,588 - INFO - Cola vacía, añadiendo más semillas...
2025-10-10 22:37:04,589 - INFO - Cola vacía, añadiendo más semillas...
2025-10-10 22:37:10,212 - WARNING - Error al descargar https://www.nationalgeographic.com/, intento 1/3: HTTPSConnectionPool(host='www.nationalgeographic.com', port=443): Read timed out.
2025-10-10 22:37:55,740 - WARNING - Error al descargar https://www.gutenberg.org/about/contact_information.html, intento 1/3: ('Connection aborted.', RemoteDisconnected('Remote end closed connection without response'))
2025-10-10 22:37:57,066 - WARNING - Error al descargar https://www.gutenberg.org/ebooks/84, intento 1/3: ('Connection aborted.', RemoteDisconnected('Remote end closed connection without response'))
2025-10-10 22:37:57,909 - WARNING - Error al descargar https://www.gutenberg.org/ebooks/77012, intento 1/3: HTTPSConnectionPool(host='www.gutenberg.org', port=443): Read timed out. (read timeout=10)
2025-10-10 22:38:05,845 - WARNING - Error al descargar https://www.gutenberg.org/ebooks/84, intento 2/3: ('Connection aborted.', RemoteDisconnected('Remote end closed connection without response'))
2025-10-10 22:38:07,584 - WARNING - Error al descargar https://www.gutenberg.org/policy/permission.html, intento 1/3: ('Connection aborted.', RemoteDisconnected('Remote end closed connection without response'))
2025-10-10 22:38:10,133 - WARNING - Error al descargar https://www.gutenberg.org/help/, intento 1/3: HTTPSConnectionPool(host='www.gutenberg.org', port=443): Read timed out. (read timeout=10)
2025-10-10 22:38:12,797 - WARNING - Error al descargar https://www.gutenberg.org/browse/categories/1, intento 1/3: ('Connection aborted.', RemoteDisconnected('Remote end closed connection without response'))
2025-10-10 22:38:17,093 - WARNING - Error al descargar https://www.python.org/about/gettingstarted/, intento 1/3: HTTPSConnectionPool(host='www.python.org', port=443): Max retries exceeded with url: /about/gettingstarted/ (Caused by NewConnectionError('<urllib3.connection.HTTPSConnection object at 0x7ee306d38d40>: Failed to establish a new connection: [Errno 101] Network is unreachable'))
2025-10-10 22:38:23,259 - INFO - Ignorando https://devguide.python.org/ (no permitido por robots.txt)
2025-10-10 22:38:37,077 - INFO - Ignorando https://policies.python.org/python.org/Privacy-Notice/ (no permitido por robots.txt)
2025-10-10 22:38:52,610 - WARNING - Error al descargar https://wiki.python.org/moin/PythonBooks, intento 1/3: HTTPSConnectionPool(host='wiki.python.org', port=443): Read timed out. (read timeout=10)
2025-10-10 22:39:04,353 - INFO - Ignorando https://www.linkedin.com/company/python-software-foundation/ (no permitido por robots.txt)
2025-10-10 22:39:28,437 - INFO - Ignorando https://www.facebook.com/officialstackoverflow/ (no permitido por robots.txt)
2025-10-10 22:39:32,478 - INFO - Ignorando https://twitter.com/stackoverflow (no permitido por robots.txt)
2025-10-10 22:39:52,330 - INFO - URL no accesible https://stackoverflow.com/users/signup?ssrc=site_switcher&returnurl=https%3a%2f%2fstackoverflow.com%2fquestions%2ftagged%2fpytorch (Código 403)
2025-10-10 22:39:56,324 - INFO - Ignorando https://stackoverflow.com/feeds/tag?tagnames=pytorch&sort=newest (no es HTML, es application/atom+xml)
2025-10-10 22:39:56,550 - WARNING - Error al descargar https://www.mozilla.org/en-US/careers/listings/, intento 1/3: HTTPSConnectionPool(host='www.mozilla.org', port=443): Read timed out. (read timeout=10)
2025-10-10 22:39:56,997 - WARNING - Error al descargar https://stackoverflow.com/questions/tagged/pytorch?tab=Week, intento 1/3: HTTPSConnectionPool(host='stackoverflow.com', port=443): Read timed out.
2025-10-10 22:40:13,268 - WARNING - Error al descargar https://www.mozilla.org/en-US/careers/listings/, intento 2/3: HTTPSConnectionPool(host='www.mozilla.org', port=443): Read timed out.
2025-10-10 22:40:24,781 - WARNING - Error al descargar https://developer.mozilla.org/en-US/docs/Web/CSS/CSS_Values_and_Units, intento 1/3: HTTPSConnectionPool(host='developer.mozilla.org', port=443): Read timed out.
2025-10-10 22:40:29,491 - WARNING - Error al descargar https://developer.mozilla.org/es/docs/Web/SVG, intento 1/3: HTTPSConnectionPool(host='developer.mozilla.org', port=443): Read timed out.
2025-10-10 22:40:30,015 - WARNING - Error al descargar https://developer.mozilla.org/es/#content, intento 1/3: HTTPSConnectionPool(host='developer.mozilla.org', port=443): Read timed out. (read timeout=10)
2025-10-10 22:40:31,176 - WARNING - Error al descargar https://github.com/mdn/content/pull/41451, intento 1/3: HTTPSConnectionPool(host='github.com', port=443): Read timed out. (read timeout=10)
2025-10-10 22:40:41,097 - WARNING - Error al descargar https://developer.mozilla.org/es/docs/Web/SVG, intento 2/3: HTTPSConnectionPool(host='developer.mozilla.org', port=443): Read timed out. (read timeout=10)
2025-10-10 22:40:42,103 - WARNING - Error al descargar https://stackoverflow.com/questions?tab=newest&pagesize=15, intento 1/3: HTTPSConnectionPool(host='stackoverflow.com', port=443): Read timed out. (read timeout=10)
2025-10-10 22:40:46,694 - WARNING - Error al descargar https://github.com/mdn/content/pull/41434, intento 1/3: HTTPSConnectionPool(host='github.com', port=443): Read timed out.
2025-10-10 22:40:56,345 - WARNING - Error al descargar https://stackoverflow.com/questions/tagged/react-native, intento 1/3: HTTPSConnectionPool(host='stackoverflow.com', port=443): Read timed out. (read timeout=10)
2025-10-10 22:41:00,012 - WARNING - Error al descargar https://github.com/mdn/content/pull/41434, intento 2/3: HTTPSConnectionPool(host='github.com', port=443): Read timed out. (read timeout=10)
2025-10-10 22:41:11,733 - INFO - Ignorando https://data.stackexchange.com/ (no permitido por robots.txt)
2025-10-10 22:41:31,318 - INFO - URL no accesible https://stackoverflow.com/users/signup?ssrc=head&returnurl=https%3a%2f%2fstackoverflow.com%2fquestions%2f79787758%2fmailman-web-asks-for-password-and-none-work (Código 403)
2025-10-10 22:41:47,591 - INFO - URL no accesible https://stackoverflow.com/users/signup?ssrc=site_switcher&returnurl=https%3a%2f%2fstackoverflow.com%2fquestions%2f79787773%2fissue-with-python-program-termination-on-keyboardinterrupt-when-calling-a-multi (Código 403)
2025-10-10 22:42:03,572 - INFO - Ignorando https://info.arxiv.org/help/math/index.html (no permitido por robots.txt)
2025-10-10 22:42:03,572 - INFO - Ignorando https://arxiv.org/search/quant-ph (no permitido por robots.txt)
2025-10-10 22:42:09,913 - WARNING - Error al descargar https://arxiv.org/list/econ.TH/recent, intento 1/3: HTTPSConnectionPool(host='arxiv.org', port=443): Read timed out. (read timeout=10)
2025-10-10 22:42:36,308 - WARNING - Error al descargar https://policies.stackoverflow.co/stack-overflow/cookie-policy, intento 1/3: HTTPSConnectionPool(host='policies.stackoverflow.co', port=443): Max retries exceeded with url: /stack-overflow/cookie-policy (Caused by SSLError(SSLEOFError(8, '[SSL: UNEXPECTED_EOF_WHILE_READING] EOF occurred in violation of protocol (_ssl.c:1000)')))
2025-10-10 22:42:41,461 - INFO - URL no accesible https://stackoverflow.com/users/signup?ssrc=head&returnurl=https%3a%2f%2fstackoverflow.com%2fusers%2f31667190%2fsomesh-mohan (Código 403)
2025-10-10 22:42:50,717 - INFO - URL no accesible https://stackoverflow.com/users/signup?ssrc=head&returnurl=https%3a%2f%2fstackoverflow.com%2ftags (Código 403)
2025-10-10 22:42:57,603 - WARNING - Error al descargar https://stackoverflow.com/users/signup?ssrc=site_switcher&returnurl=https%3a%2f%2fstackoverflow.com%2fusers%2f31667190%2fsomesh-mohan, intento 1/3: HTTPSConnectionPool(host='stackoverflow.com', port=443): Read timed out.
2025-10-10 22:43:01,788 - INFO - URL no accesible https://stackoverflow.com/users/signup?ssrc=site_switcher&returnurl=https%3a%2f%2fstackoverflow.com%2fusers%2f31667190%2fsomesh-mohan (Código 403)
2025-10-10 22:44:30,480 - WARNING - Error al descargar https://www.nationalgeographic.com/renew, intento 1/3: HTTPSConnectionPool(host='ngmintlsubs.nationalgeographic.co.uk', port=443): Max retries exceeded with url: /solo/Account/Login?ReturnUrl=%2Fsolo%2F (Caused by NameResolutionError("<urllib3.connection.HTTPSConnection object at 0x7ee3284a6ae0>: Failed to resolve 'ngmintlsubs.nationalgeographic.co.uk' ([Errno -2] Name or service not known)"))
2025-10-10 22:44:32,649 - WARNING - Error al descargar https://www.nationalgeographic.com/renew, intento 2/3: HTTPSConnectionPool(host='ngmintlsubs.nationalgeographic.co.uk', port=443): Max retries exceeded with url: /solo/Account/Login?ReturnUrl=%2Fsolo%2F (Caused by NameResolutionError("<urllib3.connection.HTTPSConnection object at 0x7ee30666f980>: Failed to resolve 'ngmintlsubs.nationalgeographic.co.uk' ([Errno -2] Name or service not known)"))
2025-10-10 22:44:38,534 - WARNING - Error al descargar https://www.nationalgeographic.com/renew, intento 3/3: HTTPSConnectionPool(host='ngmintlsubs.nationalgeographic.co.uk', port=443): Max retries exceeded with url: /solo/Account/Login?ReturnUrl=%2Fsolo%2F (Caused by NameResolutionError("<urllib3.connection.HTTPSConnection object at 0x7ee306829b20>: Failed to resolve 'ngmintlsubs.nationalgeographic.co.uk' ([Errno -2] Name or service not known)"))
2025-10-10 22:44:50,693 - WARNING - Error al descargar https://www.nasa.gov/es/podcast-en-espanol-de-la-nasa-estrena-su-tercera-temporada/, intento 1/3: ('Connection aborted.', RemoteDisconnected('Remote end closed connection without response'))
2025-10-10 22:45:19,025 - INFO - URL no accesible https://rpg.stackexchange.com/users/signup?ssrc=site_switcher&returnurl=https%3a%2f%2frpg.stackexchange.com%2fquestions%2f216778%2fwhat-is-the-dc-for-the-undead-warlocks-form-of-dread-feature (Código 403)
2025-10-10 22:45:20,997 - INFO - Ignorando https://stackoverflow.ai (no permitido por robots.txt)
2025-10-10 22:45:27,224 - INFO - Ignorando https://linkedin.com/company/stack-overflow (no permitido por robots.txt)
2025-10-10 22:45:30,148 - INFO - Ignorando https://www.instagram.com/thestackoverflow (no permitido por robots.txt)
2025-10-10 22:45:31,822 - INFO - URL no accesible https://stackoverflow.com/users/signup?ssrc=site_switcher&returnurl=https%3a%2f%2fstackoverflow.com%2fusers%2f14282504%2fpd-l2ork (Código 403)
2025-10-10 22:45:32,904 - INFO - URL no accesible https://stackoverflow.com/users/signup?ssrc=site_switcher&returnurl=https%3a%2f%2fstackoverflow.com%2fcollectives-all (Código 403)
2025-10-10 22:46:08,724 - INFO - URL no accesible https://linguistics.stackexchange.com/users/signup?ssrc=head&returnurl=https%3a%2f%2flinguistics.stackexchange.com%2fquestions%2f51390%2fwhy-do-dictionaries-say-that-trip-is-pronounced-tr%25C9%25AAp-while-i-can-hear-t%25CA%2583r%25C9%25AAp (Código 403)
2025-10-10 22:48:42,944 - INFO - URL no accesible https://stackoverflow.com/users/signup?ssrc=head&returnurl=https%3a%2f%2fstackoverflow.com%2fcontact (Código 403)
2025-10-10 22:49:08,947 - WARNING - Error al descargar https://stackoverflow.com/questions?tab=newest&page=1, intento 1/3: HTTPSConnectionPool(host='stackoverflow.com', port=443): Read timed out.
2025-10-10 22:50:03,169 - INFO - URL no accesible https://stackoverflow.com/users/signup?ssrc=site_switcher&returnurl=https%3a%2f%2fstackoverflow.com%2fquestions%2f79787761%2fchanging-delimeter-of-multiple-items-returned-by-a-osascript-javascript-file-sel (Código 403)
2025-10-10 22:51:06,285 - WARNING - Error al descargar https://stackoverflow.com/questions/tagged/amazon-emr, intento 1/3: HTTPSConnectionPool(host='stackoverflow.com', port=443): Read timed out. (read timeout=10)
2025-10-10 22:51:09,854 - WARNING - Error al descargar https://stackoverflow.com/users/31615455/imthetuba, intento 1/3: HTTPSConnectionPool(host='stackoverflow.com', port=443): Read timed out.
2025-10-10 22:51:43,263 - WARNING - Error al leer robots.txt para marketplace.databricks.com: Remote end closed connection without response
2025-10-10 22:51:43,263 - INFO - Ignorando https://marketplace.databricks.com/provider/92a29272-1e97-4ead-8389-1bee38b2c116/Stack-Overflow-Knowledge-Solutions (no permitido por robots.txt)
2025-10-10 22:51:45,183 - INFO - Ignorando https://www.indeed.com/hire?ref=jobbio_stackoverflow_post_job_employerbranding (no permitido por robots.txt)
2025-10-10 22:51:50,022 - INFO - Ignorando https://www.threads.net/@thestackoverflow (no permitido por robots.txt)
2025-10-10 22:51:53,024 - INFO - Ignorando https://www.instagram.com/thestackoverflow/ (no permitido por robots.txt)
2025-10-10 22:51:59,047 - INFO - Ignorando https://app.snowflake.com/marketplace/providers/GZ1M6ZJR0B7/Stack%20Overflow (no permitido por robots.txt)
2025-10-10 22:52:07,347 - INFO - URL no accesible https://stackoverflow.com/users/signup?ssrc=head&returnurl=https%3a%2f%2fstackoverflow.com%2fusers%2f13519865%2fcyber-avater (Código 403)
2025-10-10 22:52:37,470 - INFO - Ignorando https://www.facebook.com/sharer.php?u=http%3A%2F%2Fwww.gutenberg.org%2Febooks%2F1513 (no permitido por robots.txt)
2025-10-10 22:52:47,472 - INFO - Ignorando https://www.gutenberg.org/ebooks/search/?query=lcc.pr (no permitido por robots.txt)
2025-10-10 22:52:49,473 - INFO - Ignorando https://twitter.com/share?url=http%3A%2F%2Fwww.gutenberg.org%2Febooks%2F1513&text=Romeo%20and%20Juliet%20by%20William%20Shakespeare&count=none&lang=es&related=gutenberg_new%3AProject%20Gutenberg%20New%20Books (no permitido por robots.txt)
2025-10-10 22:52:53,841 - INFO - Ignorando https://BuyMeACoffee.com/projgutenberg (no permitido por robots.txt)
2025-10-10 22:52:58,190 - INFO - Ignorando https://www.buymeacoffee.com/faq (no permitido por robots.txt)
2025-10-10 22:53:01,110 - WARNING - Error al descargar https://www.gutenberg.org/ebooks/1513.txt.utf-8, intento 1/3: HTTPSConnectionPool(host='www.gutenberg.org', port=443): Read timed out. (read timeout=10)
2025-10-10 22:53:02,450 - WARNING - Error al descargar https://www.gutenberg.org/ebooks/1513.kindle.images, intento 1/3: ('Connection broken: IncompleteRead(105281 bytes read, 519380 more expected)', IncompleteRead(105281 bytes read, 519380 more expected))
2025-10-10 22:53:04,683 - WARNING - Error al descargar https://www.gutenberg.org/ebooks/1513.html.images, intento 1/3: ('Connection broken: IncompleteRead(86863 bytes read, 135713 more expected)', IncompleteRead(86863 bytes read, 135713 more expected))
2025-10-10 22:53:06,404 - WARNING - Error al descargar https://www.gutenberg.org/ebooks/1513.epub3.images, intento 1/3: ('Connection broken: IncompleteRead(185611 bytes read, 155770 more expected)', IncompleteRead(185611 bytes read, 155770 more expected))
2025-10-10 22:53:08,578 - WARNING - Error al descargar https://www.gutenberg.org/ebooks/1513.epub.noimages, intento 1/3: ('Connection broken: IncompleteRead(177060 bytes read, 23238 more expected)', IncompleteRead(177060 bytes read, 23238 more expected))
2025-10-10 22:53:11,905 - INFO - Ignorando https://www.facebook.com/gutenberg.new (no permitido por robots.txt)
2025-10-10 22:53:19,091 - WARNING - Error al descargar https://www.gutenberg.org/ebooks/1513.kindle.images, intento 2/3: ('Connection broken: IncompleteRead(88897 bytes read, 535764 more expected)', IncompleteRead(88897 bytes read, 535764 more expected))
2025-10-10 22:53:20,426 - INFO - Ignorando https://www.gutenberg.org/ebooks/1513.txt.utf-8 (no es HTML, es text/plain; charset=utf-8)
2025-10-10 22:53:25,096 - WARNING - Error al descargar https://www.gutenberg.org/ebooks/1513.html.images, intento 2/3: ('Connection broken: IncompleteRead(124399 bytes read, 98177 more expected)', IncompleteRead(124399 bytes read, 98177 more expected))
2025-10-10 22:53:26,822 - INFO - Ignorando https://www.gutenberg.org/ebooks/1513.epub3.images (no es HTML, es application/epub+zip)
2025-10-10 22:53:32,027 - INFO - Ignorando https://www.gutenberg.org/ebooks/1513.epub.noimages (no es HTML, es application/epub+zip)
2025-10-10 22:53:36,496 - WARNING - Error al descargar https://www.pgdp.net/, intento 1/3: HTTPSConnectionPool(host='www.pgdp.net', port=443): Max retries exceeded with url: / (Caused by ConnectTimeoutError(<urllib3.connection.HTTPSConnection object at 0x7ee328237290>, 'Connection to www.pgdp.net timed out. (connect timeout=10)'))
2025-10-10 22:53:42,476 - WARNING - Error al descargar https://www.gutenberg.org/ebooks/1513.kindle.images, intento 3/3: ('Connection broken: IncompleteRead(222224 bytes read, 402437 more expected)', IncompleteRead(222224 bytes read, 402437 more expected))
2025-10-10 22:53:55,541 - INFO - Ignorando https://www.gutenberg.org/MIRRORS.ALL (no es HTML, es text/plain; charset=utf-8)
2025-10-10 22:53:57,498 - INFO - Ignorando http://www.gutenberg.org/cache/epub/feeds/today.rss (no es HTML, es application/rss+xml)
2025-10-10 22:54:25,160 - WARNING - Error al descargar https://www.gutenberg.org/browse/authors/c#a483, intento 1/3: ('Connection broken: IncompleteRead(137757 bytes read, 181923 more expected)', IncompleteRead(137757 bytes read, 181923 more expected))
2025-10-10 22:54:40,087 - WARNING - Error al descargar https://www.gutenberg.org/browse/authors/w#a40850, intento 1/3: ('Connection broken: IncompleteRead(186113 bytes read, 56827 more expected)', IncompleteRead(186113 bytes read, 56827 more expected))
2025-10-10 22:54:44,537 - WARNING - Error al descargar https://www.gutenberg.org/ebooks/send/gdrive/100.epub3.images, intento 1/3: HTTPSConnectionPool(host='www.gutenberg.org', port=443): Read timed out. (read timeout=10)
2025-10-10 22:54:46,974 - WARNING - Error al descargar https://www.gutenberg.org/ebooks/100.kindle.images, intento 1/3: ('Connection broken: IncompleteRead(132960 bytes read, 4886173 more expected)', IncompleteRead(132960 bytes read, 4886173 more expected))
2025-10-10 22:54:51,307 - WARNING - Error al descargar https://www.gutenberg.org/ebooks/100.epub3.images, intento 1/3: ('Connection broken: IncompleteRead(124402 bytes read, 2775832 more expected)', IncompleteRead(124402 bytes read, 2775832 more expected))
2025-10-10 22:54:57,089 - WARNING - Error al descargar https://www.gutenberg.org/browse/authors/c#a483, intento 2/3: ('Connection broken: IncompleteRead(120825 bytes read, 198855 more expected)', IncompleteRead(120825 bytes read, 198855 more expected))
2025-10-10 22:54:58,717 - WARNING - Error al descargar https://www.gutenberg.org/browse/authors/w#a40850, intento 2/3: ('Connection broken: IncompleteRead(97365 bytes read, 145575 more expected)', IncompleteRead(97365 bytes read, 145575 more expected))
2025-10-10 22:55:03,767 - WARNING - Error al descargar https://www.gutenberg.org/cache/epub/100/pg100-images.html, intento 1/3: ('Connection broken: IncompleteRead(120318 bytes read, 7201946 more expected)', IncompleteRead(120318 bytes read, 7201946 more expected))
2025-10-10 22:55:04,096 - WARNING - Error al descargar https://www.gutenberg.org/ebooks/100.txt.utf-8, intento 1/3: ('Connection broken: IncompleteRead(132965 bytes read, 5505560 more expected)', IncompleteRead(132965 bytes read, 5505560 more expected))
2025-10-10 22:55:09,717 - WARNING - Error al descargar https://www.gutenberg.org/ebooks/100.kf8.images, intento 1/3: HTTPSConnectionPool(host='www.gutenberg.org', port=443): Read timed out.
2025-10-10 22:55:11,922 - INFO - Ignorando https://www.facebook.com/sharer.php?u=http%3A%2F%2Fwww.gutenberg.org%2Febooks%2F100 (no permitido por robots.txt)
2025-10-10 22:55:19,507 - WARNING - Error al descargar https://www.gutenberg.org/ebooks/100.kindle.images, intento 2/3: ('Connection broken: IncompleteRead(143364 bytes read, 4875769 more expected)', IncompleteRead(143364 bytes read, 4875769 more expected))
2025-10-10 22:55:24,201 - WARNING - Error al descargar https://www.gutenberg.org/ebooks/100.epub3.images, intento 2/3: ('Connection broken: IncompleteRead(125226 bytes read, 2775008 more expected)', IncompleteRead(125226 bytes read, 2775008 more expected))
2025-10-10 22:55:25,140 - WARNING - Error al descargar https://www.gutenberg.org/browse/authors/c#a483, intento 3/3: ('Connection broken: IncompleteRead(136541 bytes read, 183139 more expected)', IncompleteRead(136541 bytes read, 183139 more expected))
2025-10-10 22:55:27,259 - WARNING - Error al descargar https://www.gutenberg.org/cache/epub/100/pg100-images.html, intento 2/3: ('Connection broken: IncompleteRead(214566 bytes read, 7107698 more expected)', IncompleteRead(214566 bytes read, 7107698 more expected))
2025-10-10 22:55:27,622 - WARNING - Error al descargar https://www.gutenberg.org/browse/authors/w#a40850, intento 3/3: ('Connection broken: IncompleteRead(136541 bytes read, 106399 more expected)', IncompleteRead(136541 bytes read, 106399 more expected))
2025-10-10 22:55:27,838 - WARNING - Error al descargar https://www.gutenberg.org/ebooks/100.txt.utf-8, intento 2/3: ('Connection broken: IncompleteRead(118073 bytes read, 5520452 more expected)', IncompleteRead(118073 bytes read, 5520452 more expected))
2025-10-10 22:55:30,621 - WARNING - Error al descargar https://www.gutenberg.org/ebooks/send/gdrive/100.epub.images, intento 1/3: HTTPSConnectionPool(host='accounts.google.com', port=443): Max retries exceeded with url: /o/oauth2/auth?response_type=code&client_id=586299000268-k8dhqmutufgdr8p9dh2a8tnh6lks6bji.apps.googleusercontent.com&redirect_uri=https%3A%2F%2Fwww.gutenberg.org%2Febooks%2Fsend%2Fgdrive%2F&scope=https%3A%2F%2Fwww.googleapis.com%2Fauth%2Fdrive.file&state=q8vu4FfkbYGbHczlKanhO9rnhArW5l (Caused by NewConnectionError('<urllib3.connection.HTTPSConnection object at 0x7ee3067769c0>: Failed to establish a new connection: [Errno 101] Network is unreachable'))
2025-10-10 22:55:36,921 - WARNING - Error al descargar https://www.gutenberg.org/ebooks/bookshelf/77, intento 1/3: ('Connection aborted.', RemoteDisconnected('Remote end closed connection without response'))
2025-10-10 22:55:39,363 - WARNING - Error al descargar https://www.gutenberg.org/ebooks/100.kf8.images, intento 2/3: ('Connection broken: IncompleteRead(222312 bytes read, 5490360 more expected)', IncompleteRead(222312 bytes read, 5490360 more expected))
2025-10-10 22:55:42,301 - WARNING - Error al descargar https://www.gutenberg.org/cache/epub/100/pg100-images.html, intento 3/3: ('Connection broken: IncompleteRead(95634 bytes read, 7226630 more expected)', IncompleteRead(95634 bytes read, 7226630 more expected))
2025-10-10 22:55:44,383 - WARNING - Error al descargar https://www.gutenberg.org/ebooks/send/gdrive/100.epub.images, intento 2/3: HTTPSConnectionPool(host='accounts.google.com', port=443): Max retries exceeded with url: /o/oauth2/auth?response_type=code&client_id=586299000268-k8dhqmutufgdr8p9dh2a8tnh6lks6bji.apps.googleusercontent.com&redirect_uri=https%3A%2F%2Fwww.gutenberg.org%2Febooks%2Fsend%2Fgdrive%2F&scope=https%3A%2F%2Fwww.googleapis.com%2Fauth%2Fdrive.file&state=vmNsqkubfymbV0Q18n89mRCFW4JpdQ (Caused by NewConnectionError('<urllib3.connection.HTTPSConnection object at 0x7ee306f02930>: Failed to establish a new connection: [Errno 101] Network is unreachable'))
2025-10-10 22:55:48,395 - WARNING - Error al descargar https://www.gutenberg.org/ebooks/100.epub3.images, intento 3/3: ('Connection broken: IncompleteRead(253746 bytes read, 2646488 more expected)', IncompleteRead(253746 bytes read, 2646488 more expected))
2025-10-10 22:55:48,736 - WARNING - Error al descargar https://www.gutenberg.org/ebooks/100.kindle.images, intento 3/3: ('Connection broken: IncompleteRead(169280 bytes read, 4849853 more expected)', IncompleteRead(169280 bytes read, 4849853 more expected))
2025-10-10 22:55:49,512 - INFO - Ignorando https://twitter.com/share?url=http%3A%2F%2Fwww.gutenberg.org%2Febooks%2F77012&text=Die%20Wei%C3%9Fe%20Rose%20by%20B.%20Traven&count=none&lang=es&related=gutenberg_new%3AProject%20Gutenberg%20New%20Books (no permitido por robots.txt)
2025-10-10 22:55:50,278 - WARNING - Error al descargar https://www.gutenberg.org/ebooks/100.txt.utf-8, intento 3/3: ('Connection broken: IncompleteRead(219673 bytes read, 5418852 more expected)', IncompleteRead(219673 bytes read, 5418852 more expected))
2025-10-10 22:55:59,932 - WARNING - Error al descargar https://www.gutenberg.org/ebooks/send/gdrive/100.epub.images, intento 3/3: HTTPSConnectionPool(host='accounts.google.com', port=443): Max retries exceeded with url: /o/oauth2/auth?response_type=code&client_id=586299000268-k8dhqmutufgdr8p9dh2a8tnh6lks6bji.apps.googleusercontent.com&redirect_uri=https%3A%2F%2Fwww.gutenberg.org%2Febooks%2Fsend%2Fgdrive%2F&scope=https%3A%2F%2Fwww.googleapis.com%2Fauth%2Fdrive.file&state=66tR4LB0ilfoD0gLxDrPPAwdw9UdG7 (Caused by NewConnectionError('<urllib3.connection.HTTPSConnection object at 0x7ee3061af1d0>: Failed to establish a new connection: [Errno 101] Network is unreachable'))
2025-10-10 22:56:08,189 - INFO - Ignorando https://www.gutenberg.org/ebooks/search/?query=lcc.pt (no permitido por robots.txt)
2025-10-10 22:56:09,011 - WARNING - Error al descargar https://www.gutenberg.org/ebooks/77012.epub3.images, intento 1/3: ('Connection broken: IncompleteRead(172146 bytes read, 3151445 more expected)', IncompleteRead(172146 bytes read, 3151445 more expected))
2025-10-10 22:56:15,773 - WARNING - Error al descargar https://www.gutenberg.org/ebooks/100.kf8.images, intento 3/3: ('Connection broken: IncompleteRead(333908 bytes read, 5378764 more expected)', IncompleteRead(333908 bytes read, 5378764 more expected))
2025-10-10 22:56:17,338 - WARNING - Error al descargar https://www.gutenberg.org/ebooks/send/gdrive/84.kf8.images, intento 1/3: ('Connection aborted.', RemoteDisconnected('Remote end closed connection without response'))
2025-10-10 22:56:26,152 - WARNING - Error al descargar https://www.gutenberg.org/ebooks/77012.epub.noimages, intento 1/3: ('Connection broken: IncompleteRead(198259 bytes read, 256034 more expected)', IncompleteRead(198259 bytes read, 256034 more expected))
2025-10-10 22:56:28,875 - WARNING - Error al descargar https://www.gutenberg.org/ebooks/77012.epub3.images, intento 2/3: ('Connection broken: IncompleteRead(106042 bytes read, 3217549 more expected)', IncompleteRead(106042 bytes read, 3217549 more expected))
2025-10-10 22:56:30,468 - WARNING - Error al descargar https://www.gutenberg.org/ebooks/84.kf8.images, intento 1/3: ('Connection aborted.', RemoteDisconnected('Remote end closed connection without response'))
2025-10-10 22:56:38,237 - WARNING - Error al descargar https://www.gutenberg.org/ebooks/77012.kindle.images, intento 1/3: ('Connection broken: IncompleteRead(267200 bytes read, 3771611 more expected)', IncompleteRead(267200 bytes read, 3771611 more expected))
2025-10-10 22:56:41,800 - WARNING - Error al descargar https://toot.kytta.dev/?text=Free%20book%20at%20Project%20Gutenberg%3A%20Frankenstein%3B%20Or%2C%20The%20Modern%20Prometheus%20by%20Mary%20Wollstonecraft%20Shelley%20http%3A%2F%2Fwww.gutenberg.org%2Febooks%2F84 (Código 429), intento 1/3
2025-10-10 22:56:44,550 - WARNING - Error al descargar https://www.gutenberg.org/ebooks/84.kindle.images, intento 1/3: ('Connection broken: IncompleteRead(90325 bytes read, 563640 more expected)', IncompleteRead(90325 bytes read, 563640 more expected))
2025-10-10 22:56:46,811 - WARNING - Error al descargar https://toot.kytta.dev/?text=Free%20book%20at%20Project%20Gutenberg%3A%20Frankenstein%3B%20Or%2C%20The%20Modern%20Prometheus%20by%20Mary%20Wollstonecraft%20Shelley%20http%3A%2F%2Fwww.gutenberg.org%2Febooks%2F84 (Código 429), intento 2/3
2025-10-10 22:56:54,249 - WARNING - Error al descargar https://toot.kytta.dev/?text=Free%20book%20at%20Project%20Gutenberg%3A%20Frankenstein%3B%20Or%2C%20The%20Modern%20Prometheus%20by%20Mary%20Wollstonecraft%20Shelley%20http%3A%2F%2Fwww.gutenberg.org%2Febooks%2F84 (Código 429), intento 3/3
2025-10-10 22:56:55,428 - WARNING - Error al descargar https://www.gutenberg.org/ebooks/77012.epub3.images, intento 3/3: ('Connection broken: IncompleteRead(73728 bytes read, 3249863 more expected)', IncompleteRead(73728 bytes read, 3249863 more expected))
2025-10-10 22:56:56,105 - WARNING - Error al descargar https://www.gutenberg.org/ebooks/77012.kindle.images, intento 2/3: ('Connection broken: IncompleteRead(72576 bytes read, 3966235 more expected)', IncompleteRead(72576 bytes read, 3966235 more expected))
2025-10-10 22:56:57,111 - WARNING - Error al descargar https://www.gutenberg.org/ebooks/77012.epub.noimages, intento 2/3: ('Connection broken: IncompleteRead(250891 bytes read, 203402 more expected)', IncompleteRead(250891 bytes read, 203402 more expected))
2025-10-10 22:57:02,111 - WARNING - Error al descargar https://www.gutenberg.org/ebooks/84.kf8.images, intento 2/3: ('Connection broken: IncompleteRead(226189 bytes read, 456415 more expected)', IncompleteRead(226189 bytes read, 456415 more expected))
2025-10-10 22:57:10,896 - WARNING - Error al descargar https://www.gutenberg.org/ebooks/84.kindle.images, intento 2/3: ('Connection broken: IncompleteRead(268629 bytes read, 385336 more expected)', IncompleteRead(268629 bytes read, 385336 more expected))
2025-10-10 22:57:19,939 - WARNING - Error al descargar https://www.gutenberg.org/ebooks/77012.epub.noimages, intento 3/3: ('Connection broken: IncompleteRead(137867 bytes read, 316426 more expected)', IncompleteRead(137867 bytes read, 316426 more expected))
2025-10-10 22:57:22,955 - WARNING - Error al descargar https://www.gutenberg.org/ebooks/77012.kindle.images, intento 3/3: ('Connection broken: IncompleteRead(250880 bytes read, 3787931 more expected)', IncompleteRead(250880 bytes read, 3787931 more expected))
2025-10-10 22:57:28,346 - WARNING - Error al descargar https://www.gutenberg.org/ebooks/84.kindle.images, intento 3/3: ('Connection broken: IncompleteRead(186817 bytes read, 467148 more expected)', IncompleteRead(186817 bytes read, 467148 more expected))
2025-10-10 22:57:28,676 - WARNING - Error al descargar https://www.gutenberg.org/ebooks/84.kf8.images, intento 3/3: ('Connection broken: IncompleteRead(316161 bytes read, 366443 more expected)', IncompleteRead(316161 bytes read, 366443 more expected))
2025-10-10 22:58:54,947 - WARNING - Error al leer robots.txt para en.wikipedia.org: <urlopen error [Errno 101] Network is unreachable>
2025-10-10 22:58:54,948 - INFO - Ignorando https://en.wikipedia.org/wiki/Frankenstein (no permitido por robots.txt)
2025-10-10 22:59:12,103 - WARNING - Error al descargar http://brochure.getpython.info/, intento 1/3: HTTPConnectionPool(host='brochure.getpython.info', port=80): Max retries exceeded with url: / (Caused by ConnectTimeoutError(<urllib3.connection.HTTPConnection object at 0x7ee328291c40>, 'Connection to brochure.getpython.info timed out. (connect timeout=10)'))
2025-10-10 22:59:17,866 - INFO - Ignorando https://twitter.com/ThePSF (no permitido por robots.txt)
2025-10-10 22:59:19,400 - INFO - Ignorando https://www.gutenberg.org/ebooks/84.epub.noimages (no es HTML, es application/epub+zip)
2025-10-10 22:59:33,169 - WARNING - Error al descargar http://planetpython.org/, intento 1/3: HTTPSConnectionPool(host='planetpython.org', port=443): Max retries exceeded with url: / (Caused by ConnectTimeoutError(<urllib3.connection.HTTPSConnection object at 0x7ee3287c8d10>, 'Connection to planetpython.org timed out. (connect timeout=10)'))
2025-10-10 22:59:44,773 - WARNING - Error al descargar http://planetpython.org/, intento 2/3: HTTPConnectionPool(host='planetpython.org', port=80): Max retries exceeded with url: / (Caused by ConnectTimeoutError(<urllib3.connection.HTTPConnection object at 0x7ee3066645f0>, 'Connection to planetpython.org timed out. (connect timeout=10)'))
2025-10-10 23:00:01,218 - WARNING - Error al descargar https://www.gutenberg.org/ebooks/20268, intento 1/3: ('Connection aborted.', RemoteDisconnected('Remote end closed connection without response'))
2025-10-10 23:00:03,290 - WARNING - Error al descargar https://www.gutenberg.org/browse/authors/h#a4831, intento 1/3: ('Connection broken: IncompleteRead(170805 bytes read, 142386 more expected)', IncompleteRead(170805 bytes read, 142386 more expected))
2025-10-10 23:00:12,604 - WARNING - Error al descargar https://www.gutenberg.org/browse/authors/s#a3648, intento 1/3: ('Connection broken: IncompleteRead(257505 bytes read, 137265 more expected)', IncompleteRead(257505 bytes read, 137265 more expected))
2025-10-10 23:00:16,478 - WARNING - Error al descargar https://www.gutenberg.org/browse/authors/b#a5074, intento 1/3: ('Connection broken: IncompleteRead(251589 bytes read, 179710 more expected)', IncompleteRead(251589 bytes read, 179710 more expected))
2025-10-10 23:00:17,247 - WARNING - Error al descargar https://www.gutenberg.org/browse/authors/b#a2437, intento 1/3: ('Connection broken: IncompleteRead(137757 bytes read, 293542 more expected)', IncompleteRead(137757 bytes read, 293542 more expected))
2025-10-10 23:00:24,289 - WARNING - Error al descargar https://www.gutenberg.org/browse/authors/a#a42251, intento 1/3: ('Connection broken: IncompleteRead(159552 bytes read, 46254 more expected)', IncompleteRead(159552 bytes read, 46254 more expected))
2025-10-10 23:00:30,359 - WARNING - Error al descargar https://www.gutenberg.org/browse/authors/s#a3648, intento 2/3: ('Connection broken: IncompleteRead(77985 bytes read, 316785 more expected)', IncompleteRead(77985 bytes read, 316785 more expected))
2025-10-10 23:00:31,348 - WARNING - Error al descargar https://www.gutenberg.org/browse/authors/h#a4831, intento 2/3: ('Connection broken: IncompleteRead(170397 bytes read, 142794 more expected)', IncompleteRead(170397 bytes read, 142794 more expected))
2025-10-10 23:00:36,324 - WARNING - Error al descargar https://www.gutenberg.org/browse/authors/b#a2437, intento 2/3: ('Connection broken: IncompleteRead(137757 bytes read, 293542 more expected)', IncompleteRead(137757 bytes read, 293542 more expected))
2025-10-10 23:00:51,708 - WARNING - Error al descargar https://www.gutenberg.org/browse/authors/b#a2437, intento 3/3: ('Connection broken: IncompleteRead(160809 bytes read, 270490 more expected)', IncompleteRead(160809 bytes read, 270490 more expected))
2025-10-10 23:00:53,452 - WARNING - Error al descargar https://www.gutenberg.org/browse/authors/h#a4831, intento 3/3: ('Connection broken: IncompleteRead(110592 bytes read, 202599 more expected)', IncompleteRead(110592 bytes read, 202599 more expected))
2025-10-10 23:00:53,949 - WARNING - Error al descargar https://www.gutenberg.org/browse/authors/s#a3648, intento 3/3: ('Connection broken: IncompleteRead(125117 bytes read, 269653 more expected)', IncompleteRead(125117 bytes read, 269653 more expected))
2025-10-10 23:00:56,579 - WARNING - Error al descargar https://www.gutenberg.org/browse/authors/b#a5074, intento 2/3: ('Connection broken: IncompleteRead(411737 bytes read, 19562 more expected)', IncompleteRead(411737 bytes read, 19562 more expected))
2025-10-10 23:01:20,247 - INFO - Proceso completado. Se descargaron 669 páginas HTML únicas.
